<?xml version="1.0" encoding="UTF-8"?>
<!-- Generated by org.testng.reporters.JUnitReportReporter -->
<testsuite hostname="DESKTOP-HL1BUA2" failures="0" tests="1" name="testCases.TC_001_AccountRegistrationTest" time="1.368" errors="0" timestamp="2023-07-15T11:56:58 EDT" skipped="0">
  <testcase classname="testCases.TC_001_AccountRegistrationTest" name="test_account_Registration" time="1.368"/>
  <system-out/>
</testsuite> <!-- testCases.TC_001_AccountRegistrationTest -->
